d:\hcmus\lap trinh windows\code\c++\minigame\minigame\debug\minigame.pch
d:\hcmus\lap trinh windows\code\c++\minigame\minigame\debug\vc141.pdb
d:\hcmus\lap trinh windows\code\c++\minigame\minigame\debug\vc141.idb
d:\hcmus\lap trinh windows\code\c++\minigame\minigame\debug\stdafx.obj
d:\hcmus\lap trinh windows\code\c++\minigame\minigame\debug\minigame.obj
d:\hcmus\lap trinh windows\code\c++\minigame\debug\minigame.exe
d:\hcmus\lap trinh windows\code\c++\minigame\debug\minigame.ilk
d:\hcmus\lap trinh windows\code\c++\minigame\debug\minigame.pdb
d:\hcmus\lap trinh windows\code\c++\minigame\minigame\debug\minigame.res
d:\hcmus\lap trinh windows\code\c++\minigame\minigame\debug\minigame.exe.embed.manifest.res
d:\hcmus\lap trinh windows\code\c++\minigame\minigame\debug\minigame.exe.embed.manifest
d:\hcmus\lap trinh windows\code\c++\minigame\minigame\debug\minigame_manifest.rc
d:\hcmus\lap trinh windows\code\c++\minigame\minigame\debug\minigame.tlog\cl.command.1.tlog
d:\hcmus\lap trinh windows\code\c++\minigame\minigame\debug\minigame.tlog\cl.read.1.tlog
d:\hcmus\lap trinh windows\code\c++\minigame\minigame\debug\minigame.tlog\cl.write.1.tlog
d:\hcmus\lap trinh windows\code\c++\minigame\minigame\debug\minigame.tlog\link.command.1.tlog
d:\hcmus\lap trinh windows\code\c++\minigame\minigame\debug\minigame.tlog\link.read.1.tlog
d:\hcmus\lap trinh windows\code\c++\minigame\minigame\debug\minigame.tlog\link.write.1.tlog
d:\hcmus\lap trinh windows\code\c++\minigame\minigame\debug\minigame.tlog\rc.command.1.tlog
d:\hcmus\lap trinh windows\code\c++\minigame\minigame\debug\minigame.tlog\rc.read.1.tlog
d:\hcmus\lap trinh windows\code\c++\minigame\minigame\debug\minigame.tlog\rc.write.1.tlog
